<?xml version="1.0" encoding="UTF-8"?>
<testng-results ignored="0" total="1" passed="1" failed="0" skipped="0">
  <reporter-output>
  </reporter-output>
  <suite started-at="2026-02-02T14:53:19Z" name="Surefire suite" finished-at="2026-02-02T14:53:28Z" duration-ms="9589">
    <groups>
    </groups>
    <test started-at="2026-02-02T14:53:19Z" name="Surefire test" finished-at="2026-02-02T14:53:28Z" duration-ms="9589">
      <class name="javaPackage.TestWebDriverManager">
        <test-method signature="a()[pri:0, instance:javaPackage.TestWebDriverManager@62fdb4a6]" started-at="2026-02-02T14:53:19Z" name="a" finished-at="2026-02-02T14:53:28Z" duration-ms="9549" status="PASS">
          <reporter-output>
          </reporter-output>
        </test-method> <!-- a -->
      </class> <!-- javaPackage.TestWebDriverManager -->
    </test> <!-- Surefire test -->
  </suite> <!-- Surefire suite -->
</testng-results>
