<?xml version="1.0" encoding="UTF-8"?>
<testng-results ignored="0" total="1" passed="1" failed="0" skipped="0">
  <reporter-output>
  </reporter-output>
  <suite started-at="2026-01-30T20:15:30Z" name="Default suite" finished-at="2026-01-30T20:15:36Z" duration-ms="5655">
    <groups>
    </groups>
    <test started-at="2026-01-30T20:15:30Z" name="Default test" finished-at="2026-01-30T20:15:36Z" duration-ms="5655">
      <class name="javaPackage.TestWebDriverManager">
        <test-method signature="a()[pri:0, instance:javaPackage.TestWebDriverManager@71e9ebae]" started-at="2026-01-30T20:15:30Z" name="a" finished-at="2026-01-30T20:15:36Z" duration-ms="5619" status="PASS">
          <reporter-output>
          </reporter-output>
        </test-method> <!-- a -->
      </class> <!-- javaPackage.TestWebDriverManager -->
    </test> <!-- Default test -->
  </suite> <!-- Default suite -->
</testng-results>
